This is XeTeX, Version 3.14159265-2.6-0.99998 (TeX Live 2017/Debian) (preloaded format=xelatex 2020.3.4)  3 MAY 2020 16:13
entering extended mode
 restricted \write18 enabled.
 %&-line parsing enabled.
**report.tex
(./report.tex
LaTeX2e <2017-04-15>
Babel <3.18> and hyphenation patterns for 84 language(s) loaded.
(/usr/share/texlive/texmf-dist/tex/latex/base/article.cls
Document Class: article 2014/09/29 v1.4h Standard LaTeX document class
(/usr/share/texlive/texmf-dist/tex/latex/base/size12.clo
File: size12.clo 2014/09/29 v1.4h Standard LaTeX file (size option)
)
\c@part=\count79
\c@section=\count80
\c@subsection=\count81
\c@subsubsection=\count82
\c@paragraph=\count83
\c@subparagraph=\count84
\c@figure=\count85
\c@table=\count86
\abovecaptionskip=\skip41
\belowcaptionskip=\skip42
\bibindent=\dimen102
)
(/usr/share/texlive/texmf-dist/tex/latex/base/inputenc.sty
Package: inputenc 2015/03/17 v1.2c Input encoding file
\inpenc@prehook=\toks14
\inpenc@posthook=\toks15


Package inputenc Warning: inputenc package ignored with utf8 based engines.

) (/usr/share/texlive/texmf-dist/tex/latex/amsmath/amsmath.sty
Package: amsmath 2017/09/02 v2.17a AMS math features
\@mathmargin=\skip43

For additional information on amsmath, use the `?' option.
(/usr/share/texlive/texmf-dist/tex/latex/amsmath/amstext.sty
Package: amstext 2000/06/29 v2.01 AMS text

(/usr/share/texlive/texmf-dist/tex/latex/amsmath/amsgen.sty
File: amsgen.sty 1999/11/30 v2.0 generic functions
\@emptytoks=\toks16
\ex@=\dimen103
))
(/usr/share/texlive/texmf-dist/tex/latex/amsmath/amsbsy.sty
Package: amsbsy 1999/11/29 v1.2d Bold Symbols
\pmbraise@=\dimen104
)
(/usr/share/texlive/texmf-dist/tex/latex/amsmath/amsopn.sty
Package: amsopn 2016/03/08 v2.02 operator names
)
\inf@bad=\count87
LaTeX Info: Redefining \frac on input line 213.
\uproot@=\count88
\leftroot@=\count89
LaTeX Info: Redefining \overline on input line 375.
\classnum@=\count90
\DOTSCASE@=\count91
LaTeX Info: Redefining \ldots on input line 472.
LaTeX Info: Redefining \dots on input line 475.
LaTeX Info: Redefining \cdots on input line 596.
\Mathstrutbox@=\box26
\strutbox@=\box27
\big@size=\dimen105
LaTeX Font Info:    Redeclaring font encoding OML on input line 712.
LaTeX Font Info:    Redeclaring font encoding OMS on input line 713.
\macc@depth=\count92
\c@MaxMatrixCols=\count93
\dotsspace@=\muskip10
\c@parentequation=\count94
\dspbrk@lvl=\count95
\tag@help=\toks17
\row@=\count96
\column@=\count97
\maxfields@=\count98
\andhelp@=\toks18
\eqnshift@=\dimen106
\alignsep@=\dimen107
\tagshift@=\dimen108
\tagwidth@=\dimen109
\totwidth@=\dimen110
\lineht@=\dimen111
\@envbody=\toks19
\multlinegap=\skip44
\multlinetaggap=\skip45
\mathdisplay@stack=\toks20
LaTeX Info: Redefining \[ on input line 2817.
LaTeX Info: Redefining \] on input line 2818.
)
(/usr/share/texlive/texmf-dist/tex/latex/amsfonts/amsfonts.sty
Package: amsfonts 2013/01/14 v3.01 Basic AMSFonts support
\symAMSa=\mathgroup4
\symAMSb=\mathgroup5
LaTeX Font Info:    Overwriting math alphabet `\mathfrak' in version `bold'
(Font)                  U/euf/m/n --> U/euf/b/n on input line 106.
)
(/usr/share/texlive/texmf-dist/tex/latex/amsfonts/amssymb.sty
Package: amssymb 2013/01/14 v3.01 AMS font symbols
)
(/usr/share/texlive/texmf-dist/tex/latex/graphics/graphicx.sty
Package: graphicx 2017/06/01 v1.1a Enhanced LaTeX Graphics (DPC,SPQR)

(/usr/share/texlive/texmf-dist/tex/latex/graphics/keyval.sty
Package: keyval 2014/10/28 v1.15 key=value parser (DPC)
\KV@toks@=\toks21
)
(/usr/share/texlive/texmf-dist/tex/latex/graphics/graphics.sty
Package: graphics 2017/06/25 v1.2c Standard LaTeX Graphics (DPC,SPQR)

(/usr/share/texlive/texmf-dist/tex/latex/graphics/trig.sty
Package: trig 2016/01/03 v1.10 sin cos tan (DPC)
)
(/usr/share/texlive/texmf-dist/tex/latex/graphics-cfg/graphics.cfg
File: graphics.cfg 2016/06/04 v1.11 sample graphics configuration
)
Package graphics Info: Driver file: xetex.def on input line 99.

(/usr/share/texlive/texmf-dist/tex/latex/graphics-def/xetex.def
File: xetex.def 2017/06/24 v5.0h Graphics/color driver for xetex
))
\Gin@req@height=\dimen112
\Gin@req@width=\dimen113
)
(/usr/share/texlive/texmf-dist/tex/latex/listings/listings.sty
\lst@mode=\count99
\lst@gtempboxa=\box28
\lst@token=\toks22
\lst@length=\count100
\lst@currlwidth=\dimen114
\lst@column=\count101
\lst@pos=\count102
\lst@lostspace=\dimen115
\lst@width=\dimen116
\lst@newlines=\count103
\lst@lineno=\count104
\lst@maxwidth=\dimen117

(/usr/share/texlive/texmf-dist/tex/latex/listings/lstmisc.sty
File: lstmisc.sty 2015/06/04 1.6 (Carsten Heinz)
\c@lstnumber=\count105
\lst@skipnumbers=\count106
\lst@framebox=\box29
)
(/usr/share/texlive/texmf-dist/tex/latex/listings/listings.cfg
File: listings.cfg 2015/06/04 1.6 listings configuration
))
Package: listings 2015/06/04 1.6 (Carsten Heinz)

(/usr/share/texlive/texmf-dist/tex/latex/booktabs/booktabs.sty
Package: booktabs 2016/04/27 v1.618033 publication quality tables
\heavyrulewidth=\dimen118
\lightrulewidth=\dimen119
\cmidrulewidth=\dimen120
\belowrulesep=\dimen121
\belowbottomsep=\dimen122
\aboverulesep=\dimen123
\abovetopsep=\dimen124
\cmidrulesep=\dimen125
\cmidrulekern=\dimen126
\defaultaddspace=\dimen127
\@cmidla=\count107
\@cmidlb=\count108
\@aboverulesep=\dimen128
\@belowrulesep=\dimen129
\@thisruleclass=\count109
\@lastruleclass=\count110
\@thisrulewidth=\dimen130
)
(/usr/share/texlive/texmf-dist/tex/latex/tools/longtable.sty
Package: longtable 2014/10/28 v4.11 Multi-page Table package (DPC)
\LTleft=\skip46
\LTright=\skip47
\LTpre=\skip48
\LTpost=\skip49
\LTchunksize=\count111
\LTcapwidth=\dimen131
\LT@head=\box30
\LT@firsthead=\box31
\LT@foot=\box32
\LT@lastfoot=\box33
\LT@cols=\count112
\LT@rows=\count113
\c@LT@tables=\count114
\c@LT@chunks=\count115
\LT@p@ftn=\toks23
)
(/usr/share/texlive/texmf-dist/tex/latex/xcolor/xcolor.sty
Package: xcolor 2016/05/11 v2.12 LaTeX color extensions (UK)

(/usr/share/texlive/texmf-dist/tex/latex/graphics-cfg/color.cfg
File: color.cfg 2016/01/02 v1.6 sample color configuration
)
Package xcolor Info: Driver file: xetex.def on input line 225.

(/usr/share/texlive/texmf-dist/tex/latex/colortbl/colortbl.sty
Package: colortbl 2012/02/13 v1.0a Color table columns (DPC)

(/usr/share/texlive/texmf-dist/tex/latex/tools/array.sty
Package: array 2016/10/06 v2.4d Tabular extension package (FMi)
\col@sep=\dimen132
\extrarowheight=\dimen133
\NC@list=\toks24
\extratabsurround=\skip50
\backup@length=\skip51
)
\everycr=\toks25
\minrowclearance=\skip52
)
\rownum=\count116
Package xcolor Info: Model `cmy' substituted by `cmy0' on input line 1348.
Package xcolor Info: Model `RGB' extended on input line 1364.
Package xcolor Info: Model `HTML' substituted by `rgb' on input line 1366.
Package xcolor Info: Model `Hsb' substituted by `hsb' on input line 1367.
Package xcolor Info: Model `tHsb' substituted by `hsb' on input line 1368.
Package xcolor Info: Model `HSB' substituted by `hsb' on input line 1369.
Package xcolor Info: Model `Gray' substituted by `gray' on input line 1370.
Package xcolor Info: Model `wave' substituted by `hsb' on input line 1371.
)
(/usr/share/texlive/texmf-dist/tex/latex/graphics/lscape.sty
Package: lscape 2000/10/22 v3.01 Landscape Pages (DPC)
)
(/usr/share/texlive/texmf-dist/tex/latex/multirow/multirow.sty
Package: multirow 2016/11/25 v2.2 Span multiple rows of a table
\multirow@colwidth=\skip53
\multirow@cntb=\count117
\multirow@dima=\skip54
\bigstrutjot=\dimen134
)
(/usr/share/texlive/texmf-dist/tex/latex/caption/caption.sty
Package: caption 2016/02/21 v3.3-144 Customizing captions (AR)

(/usr/share/texlive/texmf-dist/tex/latex/caption/caption3.sty
Package: caption3 2016/05/22 v1.7-166 caption3 kernel (AR)
Package caption3 Info: TeX engine: e-TeX on input line 67.
\captionmargin=\dimen135
\captionmargin@=\dimen136
\captionwidth=\dimen137
\caption@tempdima=\dimen138
\caption@indent=\dimen139
\caption@parindent=\dimen140
\caption@hangindent=\dimen141
)
\c@ContinuedFloat=\count118
Package caption Info: listings package is loaded.
Package caption Info: longtable package is loaded.

(/usr/share/texlive/texmf-dist/tex/latex/caption/ltcaption.sty
Package: ltcaption 2013/06/09 v1.4-94 longtable captions (AR)
))
(/usr/share/texlive/texmf-dist/tex/latex/listings/lstlang1.sty
File: lstlang1.sty 2015/06/04 1.6 listings language file
) (./report.aux)
\openout1 = `report.aux'.

LaTeX Font Info:    Checking defaults for OML/cmm/m/it on input line 43.
LaTeX Font Info:    ... okay on input line 43.
LaTeX Font Info:    Checking defaults for T1/cmr/m/n on input line 43.
LaTeX Font Info:    ... okay on input line 43.
LaTeX Font Info:    Checking defaults for OT1/cmr/m/n on input line 43.
LaTeX Font Info:    ... okay on input line 43.
LaTeX Font Info:    Checking defaults for OMS/cmsy/m/n on input line 43.
LaTeX Font Info:    ... okay on input line 43.
LaTeX Font Info:    Checking defaults for TU/lmr/m/n on input line 43.
LaTeX Font Info:    ... okay on input line 43.
LaTeX Font Info:    Checking defaults for OMX/cmex/m/n on input line 43.
LaTeX Font Info:    ... okay on input line 43.
LaTeX Font Info:    Checking defaults for U/cmr/m/n on input line 43.
LaTeX Font Info:    ... okay on input line 43.
\c@lstlisting=\count119
Package caption Info: Begin \AtBeginDocument code.
Package caption Info: End \AtBeginDocument code.
LaTeX Font Info:    Try loading font information for U+msa on input line 63.

(/usr/share/texlive/texmf-dist/tex/latex/amsfonts/umsa.fd
File: umsa.fd 2013/01/14 v3.01 AMS symbols A
)
LaTeX Font Info:    Try loading font information for U+msb on input line 63.

(/usr/share/texlive/texmf-dist/tex/latex/amsfonts/umsb.fd
File: umsb.fd 2013/01/14 v3.01 AMS symbols B
) [1

] [1] [2] [3]
[4] [5] [6

] [7] [8

]

LaTeX Warning: No positions in optional float specifier.
               Default added (so using `tbp') on input line 225.

[9] [10




]
Overfull \hbox (7.03694pt too wide) in paragraph at lines 272--273
[]\TU/lmr/m/n/12 define two index-counting integers $\OML/cmm/m/it/12 i$ \TU/lm
r/m/n/12 and $\OML/cmm/m/it/12 j$ \TU/lmr/m/n/12 to be equal to the $\OML/cmm/m
/it/12 lower[]index$
 []

[11] [12

] [13]

LaTeX Warning: No positions in optional float specifier.
               Default added (so using `tbp') on input line 351.


Overfull \hbox (29.33202pt too wide) in paragraph at lines 353--377
 [] 
 []


LaTeX Warning: Float too large for page by 48.79948pt on input line 380.

[14]
Overfull \hbox (27.50351pt too wide) in paragraph at lines 391--392
[]\TU/lmr/m/n/12 A specific example of a worst-case scenario is the array $\OML
/cmm/m/it/12 A \OT1/cmr/m/n/12 = [14\OML/cmm/m/it/12 ; \OT1/cmr/m/n/12 12\OML/c
mm/m/it/12 ; \OT1/cmr/m/n/12 45\OML/cmm/m/it/12 ; \OT1/cmr/m/n/12 3\OML/cmm/m/i
t/12 ; \OT1/cmr/m/n/12 20\OML/cmm/m/it/12 ; \OT1/cmr/m/n/12 52]$\TU/lmr/m/n/12 
,
 []

[15



] [16] [17]

LaTeX Warning: No positions in optional float specifier.
               Default added (so using `tbp') on input line 462.


Overfull \hbox (31.48802pt too wide) in paragraph at lines 464--494
 [] 
 []


LaTeX Warning: Float too large for page by 1.06635pt on input line 497.

[18]

LaTeX Warning: No positions in optional float specifier.
               Default added (so using `tbp') on input line 500.

[19



] [20

] [21

] [22]
Overfull \hbox (107.348pt too wide) in alignment at lines 608--614
 [] [] [] [] [] [] [] [] [] [] [] 
 []


Overfull \hbox (107.348pt too wide) in alignment at lines 614--621
 [] [] [] [] [] [] [] [] [] [] [] 
 []


Overfull \hbox (107.348pt too wide) in alignment at lines 621--643
 [] [] [] [] [] [] [] [] [] [] [] 
 []


Underfull \vbox (badness 10000) detected at line 643
 []


Overfull \hbox (107.348pt too wide) in alignment at lines 643--650
 [] [] [] [] [] [] [] [] [] [] [] 
 []

[23


] [24] [25

] [26]
File: mergesort_recursion.png Graphic file (type bmp)
<mergesort_recursion.png>
 [27]
File: mergesort_merge.png Graphic file (type bmp)
<mergesort_merge.png>
 [28] [29] [30] [31] [32] [33] [34

] [35

] [36] [37]
[38] [39

]
File: screenshot.png Graphic file (type bmp)
<screenshot.png>
File: benchmark_times_vs_nsamples_log_log.png Graphic file (type bmp)
<benchmark_times_vs_nsamples_log_log.png>

Overfull \hbox (2.7419pt too wide) in paragraph at lines 1092--1093
[][] 
 []

[40

] [41] [42]
File: counting_sort_n_k_data_log_log.png Graphic file (type bmp)
<counting_sort_n_k_data_log_log.png>

Overfull \hbox (2.7419pt too wide) in paragraph at lines 1117--1118
[][] 
 []

[43] [44] [45] [46

] [47] (./report.bbl
Underfull \hbox (badness 7012) in paragraph at lines 4--7
[]\TU/lmr/m/n/12 “The world’s most valuable resource is no longer oil, but
 []


Underfull \hbox (badness 2020) in paragraph at lines 4--7
\TU/lmr/m/n/12 data.”  https://www.economist.com/leaders/2017/05/06/the-worlds-

 []


Underfull \hbox (badness 10000) in paragraph at lines 9--13
[]\TU/lmr/m/n/12 K. Bhageshpur, “Council Post: Data Is The
 []


Underfull \hbox (badness 10000) in paragraph at lines 9--13
\TU/lmr/m/n/12 New Oil – And That’s A Good Thing.”
 []


Underfull \hbox (badness 10000) in paragraph at lines 9--13
\TU/lmr/m/n/12 https://www.forbes.com/sites/forbestechcouncil/2019/11/15/data-
 []


Underfull \hbox (badness 10000) in paragraph at lines 19--23
[]\TU/lmr/m/n/12 “Aurora Supercomputer: Accelerating the convergence of
 []


Underfull \hbox (badness 10000) in paragraph at lines 19--23
\TU/lmr/m/n/12 high performance computing (HPC) and AI at Exascale..”
 []


Underfull \hbox (badness 10000) in paragraph at lines 19--23
\TU/lmr/m/n/12 https://www.intel.com/content/www/us/en/high-performance-
 []


Underfull \hbox (badness 1533) in paragraph at lines 25--28
[]\TU/lmr/m/n/12 J. Aron, “IBM unveils its first commercial quantum computer.”
 []


Underfull \hbox (badness 10000) in paragraph at lines 25--28
\TU/lmr/m/n/12 https://www.newscientist.com/article/2189909-ibm-unveils-its-fir
st-
 []


Underfull \hbox (badness 10000) in paragraph at lines 30--33
\TU/lmr/m/n/12 https://cloud.google.com/blog/products/gcp/google-supercharges-
 []

[48

]
Overfull \hbox (171.15193pt too wide) in paragraph at lines 82--85
[]\TU/lmr/m/n/12 “Quicksort in Java - Tutorial.”  https://www.vogella.com/tutor
ials/JavaAlgorithmsQuicksort/article.html. 
 []


Underfull \hbox (badness 1383) in paragraph at lines 91--94
[]\TU/lmr/m/n/12 “QUICKSORT (Java, C++) | Algorithms and Data Structures.”
 []


Overfull \hbox (28.81273pt too wide) in paragraph at lines 107--109
[]\TU/lmr/m/n/12 “Counting sort,” May 2014.  www.growingwiththeweb.com/2014/05/
counting-
 []


Underfull \hbox (badness 10000) in paragraph at lines 127--129
[]\TU/lmr/m/n/12 “Selection Sort in Java - Javatpoint.”
 []

) [49] (./report.aux) ) 
Here is how much of TeX's memory you used:
 4920 strings out of 493007
 70075 string characters out of 6136720
 313019 words of memory out of 5000000
 8821 multiletter control sequences out of 15000+600000
 10128 words of font info for 58 fonts, out of 8000000 for 9000
 1348 hyphenation exceptions out of 8191
 41i,19n,46p,1256b,1513s stack positions out of 5000i,500n,10000p,200000b,80000s

Output written on report.pdf (50 pages).
